<?xml version="1.0" encoding="UTF-8"?>
<testsuite name="com.auraops.analyzer.infrastructure.adapters.in.web.ProblemDetailsFactoryTest" tests="1" skipped="0" failures="0" errors="0" timestamp="2026-03-24T23:04:03.224Z" hostname="WORKER" time="0.002">
  <properties/>
  <testcase name="create_shouldIncludeTraceIdWhenPresentInMdc()" classname="com.auraops.analyzer.infrastructure.adapters.in.web.ProblemDetailsFactoryTest" time="0.002"/>
  <system-out><![CDATA[]]></system-out>
  <system-err><![CDATA[]]></system-err>
</testsuite>
