<?xml version="1.0" encoding="UTF-8"?>
<testsuite name="com.auraops.analyzer.infrastructure.smoke.ProviderConfigurationSmokeTest" tests="3" skipped="0" failures="0" errors="0" timestamp="2026-03-24T23:04:04.986Z" hostname="WORKER" time="2.708">
  <properties/>
  <testcase name="contextLoadsWithOllamaSelected()" classname="com.auraops.analyzer.infrastructure.smoke.ProviderConfigurationSmokeTest" time="1.695"/>
  <testcase name="contextLoadsWithAnthropicSelected()" classname="com.auraops.analyzer.infrastructure.smoke.ProviderConfigurationSmokeTest" time="0.549"/>
  <testcase name="contextLoadsWithOpenAiSelected()" classname="com.auraops.analyzer.infrastructure.smoke.ProviderConfigurationSmokeTest" time="0.462"/>
  <system-out><![CDATA[2026-03-24T16:04:05.043-07:00  INFO 12480 --- [aura-api-analyzer] [    Test worker] w.o.g.p.i.worker.GradleWorkerMain        : Starting GradleWorkerMain using Java 26 with PID 12480 (started by dylan in D:\work\AuraOps\aura-api-analyzer)
2026-03-24T16:04:05.043-07:00  INFO 12480 --- [aura-api-analyzer] [    Test worker] w.o.g.p.i.worker.GradleWorkerMain        : The following 1 profile is active: "ollama"
2026-03-24T16:04:06.387-07:00  INFO 12480 --- [aura-api-analyzer] [    Test worker] .c.c.a.StructuredOutputValidationAdvisor : Generated JSON Schema:
{
  "$schema" : "https://json-schema.org/draft/2020-12/schema",
  "type" : "object",
  "properties" : {
    "confidence" : {
      "type" : "number",
      "format" : "double"
    },
    "diagnosis" : {
      "type" : "string"
    },
    "missingDataPoints" : {
      "type" : "array",
      "items" : {
        "type" : "string"
      }
    },
    "reason" : {
      "type" : "string"
    },
    "recommendedAction" : {
      "type" : "object",
      "properties" : {
        "parameters" : {
          "type" : "object"
        },
        "type" : {
          "type" : "string"
        }
      },
      "required" : [ "parameters", "type" ]
    },
    "status" : {
      "type" : "string"
    },
    "technicalReasoning" : {
      "type" : "string"
    }
  },
  "required" : [ "confidence", "diagnosis", "missingDataPoints", "reason", "recommendedAction", "status", "technicalReasoning" ],
  "additionalProperties" : false
}
2026-03-24T16:04:06.563-07:00  INFO 12480 --- [aura-api-analyzer] [    Test worker] w.o.g.p.i.worker.GradleWorkerMain        : Started GradleWorkerMain in 1.571 seconds (process running for 10.357)
2026-03-24T16:04:06.740-07:00  INFO 12480 --- [aura-api-analyzer] [    Test worker] w.o.g.p.i.worker.GradleWorkerMain        : Starting GradleWorkerMain using Java 26 with PID 12480 (started by dylan in D:\work\AuraOps\aura-api-analyzer)
2026-03-24T16:04:06.740-07:00  INFO 12480 --- [aura-api-analyzer] [    Test worker] w.o.g.p.i.worker.GradleWorkerMain        : The following 1 profile is active: "anthropic"
2026-03-24T16:04:07.165-07:00  INFO 12480 --- [aura-api-analyzer] [    Test worker] .c.c.a.StructuredOutputValidationAdvisor : Generated JSON Schema:
{
  "$schema" : "https://json-schema.org/draft/2020-12/schema",
  "type" : "object",
  "properties" : {
    "confidence" : {
      "type" : "number",
      "format" : "double"
    },
    "diagnosis" : {
      "type" : "string"
    },
    "missingDataPoints" : {
      "type" : "array",
      "items" : {
        "type" : "string"
      }
    },
    "reason" : {
      "type" : "string"
    },
    "recommendedAction" : {
      "type" : "object",
      "properties" : {
        "parameters" : {
          "type" : "object"
        },
        "type" : {
          "type" : "string"
        }
      },
      "required" : [ "parameters", "type" ]
    },
    "status" : {
      "type" : "string"
    },
    "technicalReasoning" : {
      "type" : "string"
    }
  },
  "required" : [ "confidence", "diagnosis", "missingDataPoints", "reason", "recommendedAction", "status", "technicalReasoning" ],
  "additionalProperties" : false
}
2026-03-24T16:04:07.230-07:00  INFO 12480 --- [aura-api-analyzer] [    Test worker] w.o.g.p.i.worker.GradleWorkerMain        : Started GradleWorkerMain in 0.545 seconds (process running for 11.025)
2026-03-24T16:04:07.272-07:00  INFO 12480 --- [aura-api-analyzer] [    Test worker] w.o.g.p.i.worker.GradleWorkerMain        : Starting GradleWorkerMain using Java 26 with PID 12480 (started by dylan in D:\work\AuraOps\aura-api-analyzer)
2026-03-24T16:04:07.273-07:00  INFO 12480 --- [aura-api-analyzer] [    Test worker] w.o.g.p.i.worker.GradleWorkerMain        : The following 1 profile is active: "openai"
2026-03-24T16:04:07.634-07:00  INFO 12480 --- [aura-api-analyzer] [    Test worker] .c.c.a.StructuredOutputValidationAdvisor : Generated JSON Schema:
{
  "$schema" : "https://json-schema.org/draft/2020-12/schema",
  "type" : "object",
  "properties" : {
    "confidence" : {
      "type" : "number",
      "format" : "double"
    },
    "diagnosis" : {
      "type" : "string"
    },
    "missingDataPoints" : {
      "type" : "array",
      "items" : {
        "type" : "string"
      }
    },
    "reason" : {
      "type" : "string"
    },
    "recommendedAction" : {
      "type" : "object",
      "properties" : {
        "parameters" : {
          "type" : "object"
        },
        "type" : {
          "type" : "string"
        }
      },
      "required" : [ "parameters", "type" ]
    },
    "status" : {
      "type" : "string"
    },
    "technicalReasoning" : {
      "type" : "string"
    }
  },
  "required" : [ "confidence", "diagnosis", "missingDataPoints", "reason", "recommendedAction", "status", "technicalReasoning" ],
  "additionalProperties" : false
}
2026-03-24T16:04:07.692-07:00  INFO 12480 --- [aura-api-analyzer] [    Test worker] w.o.g.p.i.worker.GradleWorkerMain        : Started GradleWorkerMain in 0.458 seconds (process running for 11.488)
]]></system-out>
  <system-err><![CDATA[]]></system-err>
</testsuite>
