<?xml version="1.0" encoding="UTF-8"?>
<testsuite name="com.auraops.analyzer.domain.model.AnalysisResultTest" tests="4" skipped="0" failures="0" errors="0" timestamp="2026-03-24T23:03:57.962Z" hostname="WORKER" time="0.012">
  <properties/>
  <testcase name="criticalFailure_shouldEnforceInvariants()" classname="com.auraops.analyzer.domain.model.AnalysisResultTest" time="0.003"/>
  <testcase name="inconclusive_shouldHaveDeepImmutability()" classname="com.auraops.analyzer.domain.model.AnalysisResultTest" time="0.001"/>
  <testcase name="inconclusive_shouldEnforceInvariants()" classname="com.auraops.analyzer.domain.model.AnalysisResultTest" time="0.001"/>
  <testcase name="success_shouldEnforceInvariants()" classname="com.auraops.analyzer.domain.model.AnalysisResultTest" time="0.004"/>
  <system-out><![CDATA[]]></system-out>
  <system-err><![CDATA[]]></system-err>
</testsuite>
