<?xml version="1.0" encoding="UTF-8"?>
<testsuite name="com.auraops.analyzer.domain.model.DomainModelTest" tests="10" skipped="0" failures="0" errors="0" timestamp="2026-03-24T23:03:57.868Z" hostname="WORKER" time="0.091">
  <properties/>
  <testcase name="remediationAction_shouldRejectBlankType()" classname="com.auraops.analyzer.domain.model.DomainModelTest" time="0.035"/>
  <testcase name="telemetry_shouldAllowEmptyLogs()" classname="com.auraops.analyzer.domain.model.DomainModelTest" time="0.003"/>
  <testcase name="incident_shouldEnforceRequiredFields()" classname="com.auraops.analyzer.domain.model.DomainModelTest" time="0.003"/>
  <testcase name="telemetry_shouldRejectNullLogs()" classname="com.auraops.analyzer.domain.model.DomainModelTest" time="0.002"/>
  <testcase name="resource_shouldRejectBlankKindOrName()" classname="com.auraops.analyzer.domain.model.DomainModelTest" time="0.002"/>
  <testcase name="telemetry_shouldRejectNullMetrics()" classname="com.auraops.analyzer.domain.model.DomainModelTest" time="0.001"/>
  <testcase name="resource_shouldNormalizeNullNamespace()" classname="com.auraops.analyzer.domain.model.DomainModelTest" time="0.004"/>
  <testcase name="metrics_shouldRejectNegativeRestartCount()" classname="com.auraops.analyzer.domain.model.DomainModelTest" time="0.001"/>
  <testcase name="telemetry_shouldDefaultNullTracesToEmptyList()" classname="com.auraops.analyzer.domain.model.DomainModelTest" time="0.002"/>
  <testcase name="remediationAction_shouldDefaultNullParametersToEmptyMap()" classname="com.auraops.analyzer.domain.model.DomainModelTest" time="0.001"/>
  <system-out><![CDATA[]]></system-out>
  <system-err><![CDATA[]]></system-err>
</testsuite>
