<?xml version="1.0" encoding="UTF-8"?>
<testsuite name="com.auraops.analyzer.infrastructure.adapters.in.web.AnalysisControllerTest" tests="4" skipped="0" failures="0" errors="0" timestamp="2026-03-24T23:03:58.016Z" hostname="WORKER" time="5.205">
  <properties/>
  <testcase name="analyze_invalidPayload_returnsProblemDetailWithCorporateProperties()" classname="com.auraops.analyzer.infrastructure.adapters.in.web.AnalysisControllerTest" time="0.398"/>
  <testcase name="analyze_malformedPayload_returnsProblemDetailWithCorporateProperties()" classname="com.auraops.analyzer.infrastructure.adapters.in.web.AnalysisControllerTest" time="0.011"/>
  <testcase name="analyze_success_mapsToExplanation()" classname="com.auraops.analyzer.infrastructure.adapters.in.web.AnalysisControllerTest" time="0.063"/>
  <testcase name="analyze_inconclusive_returnsProblemDetail()" classname="com.auraops.analyzer.infrastructure.adapters.in.web.AnalysisControllerTest" time="0.008"/>
  <system-out><![CDATA[16:03:58.270 [Test worker] INFO org.springframework.test.context.support.AnnotationConfigContextLoaderUtils -- Could not detect default configuration classes for test class [com.auraops.analyzer.infrastructure.adapters.in.web.AnalysisControllerTest]: AnalysisControllerTest does not declare any static, non-private, non-final, nested classes annotated with @Configuration.
16:03:58.609 [Test worker] INFO org.springframework.boot.test.context.SpringBootTestContextBootstrapper -- Found @SpringBootConfiguration com.auraops.analyzer.AuraAnalyzerApplication for test class com.auraops.analyzer.infrastructure.adapters.in.web.AnalysisControllerTest
2026-03-24T16:03:59.492-07:00  INFO 12480 --- [aura-api-analyzer] [    Test worker] c.a.a.i.a.in.web.AnalysisControllerTest  : Starting AnalysisControllerTest using Java 26 with PID 12480 (started by dylan in D:\work\AuraOps\aura-api-analyzer)
2026-03-24T16:03:59.494-07:00 DEBUG 12480 --- [aura-api-analyzer] [    Test worker] c.a.a.i.a.in.web.AnalysisControllerTest  : Running with Spring Boot v3.5.0, Spring v6.2.7
2026-03-24T16:03:59.495-07:00  INFO 12480 --- [aura-api-analyzer] [    Test worker] c.a.a.i.a.in.web.AnalysisControllerTest  : No active profile set, falling back to 1 default profile: "openai"
2026-03-24T16:04:02.559-07:00  INFO 12480 --- [aura-api-analyzer] [    Test worker] o.s.b.t.m.w.SpringBootMockServletContext : Initializing Spring TestDispatcherServlet ''
2026-03-24T16:04:02.559-07:00  INFO 12480 --- [aura-api-analyzer] [    Test worker] o.s.t.web.servlet.TestDispatcherServlet  : Initializing Servlet ''
2026-03-24T16:04:02.561-07:00  INFO 12480 --- [aura-api-analyzer] [    Test worker] o.s.t.web.servlet.TestDispatcherServlet  : Completed initialization in 1 ms
2026-03-24T16:04:02.725-07:00  INFO 12480 --- [aura-api-analyzer] [    Test worker] c.a.a.i.a.in.web.AnalysisControllerTest  : Started AnalysisControllerTest in 3.994 seconds (process running for 6.521)
]]></system-out>
  <system-err><![CDATA[Mockito is currently self-attaching to enable the inline-mock-maker. This will no longer work in future releases of the JDK. Please add Mockito as an agent to your build as described in Mockito's documentation: https://javadoc.io/doc/org.mockito/mockito-core/latest/org.mockito/org/mockito/Mockito.html#0.3
WARNING: A Java agent has been loaded dynamically (C:\Users\h\.gradle\caches\modules-2\files-2.1\net.bytebuddy\byte-buddy-agent\1.17.5\58f9507f5f28d1d3e7adfb4ec2fe37c29d332c9b\byte-buddy-agent-1.17.5.jar)
WARNING: If a serviceability tool is in use, please run with -XX:+EnableDynamicAgentLoading to hide this warning
WARNING: If a serviceability tool is not in use, please run with -Djdk.instrument.traceUsage for more information
WARNING: Dynamic loading of agents will be disallowed by default in a future release
]]></system-err>
</testsuite>
