<?xml version="1.0" encoding="UTF-8"?>
<testsuite name="com.auraops.analyzer.infrastructure.contract.AnalyzerProviderPactTest" tests="2" skipped="0" failures="0" errors="0" timestamp="2026-03-24T23:04:03.256Z" hostname="WORKER" time="1.233">
  <properties/>
  <testcase name="aura-operator - analyze incident successfully" classname="com.auraops.analyzer.infrastructure.contract.AnalyzerProviderPactTest" time="0.303"/>
  <testcase name="aura-operator - analyze incident inconclusive" classname="com.auraops.analyzer.infrastructure.contract.AnalyzerProviderPactTest" time="0.015"/>
  <system-out><![CDATA[2026-03-24T16:04:03.262-07:00  INFO 12480 --- [aura-api-analyzer] [    Test worker] t.c.s.AnnotationConfigContextLoaderUtils : Could not detect default configuration classes for test class [com.auraops.analyzer.infrastructure.contract.AnalyzerProviderPactTest]: AnalyzerProviderPactTest does not declare any static, non-private, non-final, nested classes annotated with @Configuration.
2026-03-24T16:04:03.308-07:00  INFO 12480 --- [aura-api-analyzer] [    Test worker] .b.t.c.SpringBootTestContextBootstrapper : Found @SpringBootConfiguration com.auraops.analyzer.AuraAnalyzerApplication for test class com.auraops.analyzer.infrastructure.contract.AnalyzerProviderPactTest
2026-03-24T16:04:04.195-07:00  INFO 12480 --- [aura-api-analyzer] [    Test worker] rificationStateChangeExtension$Companion : Invoking state change method 'analysis available':SETUP

Verifying a pact between aura-operator and aura-api-analyzer
  [Using File D:\work\AuraOps\aura-api-analyzer\build\resources\test\pacts\aura-operator-aura-api-analyzer.json]
  Given analysis available
  analyze incident successfully
2026-03-24T16:04:04.408-07:00  WARN 12480 --- [aura-api-analyzer] [       Thread-6] au.com.dius.pact.core.support.Metrics    : 
            Please note: we are tracking events anonymously to gather important usage statistics like JVM version
            and operating system. To disable tracking, set the 'pact_do_not_track' system property or environment
            variable to 'true'.
            
    returns a response which
      has status code 200 (OK)
      has a matching body (OK)
2026-03-24T16:04:04.467-07:00  WARN 12480 --- [aura-api-analyzer] [    Test worker] a.c.d.p.p.DefaultTestResultAccumulator   : Not all of the 2 were verified. The following were missing:
2026-03-24T16:04:04.468-07:00  WARN 12480 --- [aura-api-analyzer] [    Test worker] a.c.d.p.p.DefaultTestResultAccumulator   :     analyze incident inconclusive
2026-03-24T16:04:04.476-07:00  INFO 12480 --- [aura-api-analyzer] [    Test worker] rificationStateChangeExtension$Companion : Invoking state change method 'analysis inconclusive':SETUP

Verifying a pact between aura-operator and aura-api-analyzer
  [Using File D:\work\AuraOps\aura-api-analyzer\build\resources\test\pacts\aura-operator-aura-api-analyzer.json]
  Given analysis inconclusive
  analyze incident inconclusive
    returns a response which
      has status code 422 (OK)
      has a matching body (OK)
2026-03-24T16:04:04.486-07:00  WARN 12480 --- [aura-api-analyzer] [    Test worker] a.c.d.p.p.DefaultTestResultAccumulator   : Skipping publishing of verification results as it has been disabled (pact.verifier.publishResults is not 'true')
]]></system-out>
  <system-err><![CDATA[]]></system-err>
</testsuite>
