<?xml version="1.0" encoding="UTF-8"?>
<testsuite name="com.auraops.analyzer.infrastructure.adapters.out.ai.AnalysisResponseParserTest" tests="5" skipped="0" failures="0" errors="0" timestamp="2026-03-24T23:04:03.229Z" hostname="WORKER" time="0.026">
  <properties/>
  <testcase name="parse_success_withExplanation()" classname="com.auraops.analyzer.infrastructure.adapters.out.ai.AnalysisResponseParserTest" time="0.019"/>
  <testcase name="parse_success_acceptsSnakeCaseAndDefaultsMissingParameters()" classname="com.auraops.analyzer.infrastructure.adapters.out.ai.AnalysisResponseParserTest" time="0.0"/>
  <testcase name="parse_criticalFailure_onMalformedJson()" classname="com.auraops.analyzer.infrastructure.adapters.out.ai.AnalysisResponseParserTest" time="0.001"/>
  <testcase name="parse_inconclusive_whenMissingRecommendedAction()" classname="com.auraops.analyzer.infrastructure.adapters.out.ai.AnalysisResponseParserTest" time="0.002"/>
  <testcase name="parse_inconclusive_whenMissingTechnicalReasoning()" classname="com.auraops.analyzer.infrastructure.adapters.out.ai.AnalysisResponseParserTest" time="0.001"/>
  <system-out><![CDATA[]]></system-out>
  <system-err><![CDATA[]]></system-err>
</testsuite>
