<?xml version="1.0" encoding="UTF-8"?>
<testsuite name="com.auraops.analyzer.domain.service.IncidentAnalysisServiceTest" tests="2" skipped="0" failures="0" errors="0" timestamp="2026-03-24T23:03:57.977Z" hostname="WORKER" time="0.005">
  <properties/>
  <testcase name="assessReadiness_shouldAllowIncidentsWithLogsAndMetrics()" classname="com.auraops.analyzer.domain.service.IncidentAnalysisServiceTest" time="0.002"/>
  <testcase name="assessReadiness_shouldReturnInconclusiveWhenMetricsAreMissing()" classname="com.auraops.analyzer.domain.service.IncidentAnalysisServiceTest" time="0.001"/>
  <system-out><![CDATA[]]></system-out>
  <system-err><![CDATA[]]></system-err>
</testsuite>
