<?xml version="1.0" encoding="UTF-8" standalone="yes"?><!DOCTYPE report PUBLIC "-//JACOCO//DTD Report 1.1//EN" "report.dtd"><report name="aura-api-analyzer"><sessioninfo id="WORKER-ed12d78a" start="1774393436605" dump="1774393447702"/><package name="com/auraops/analyzer/infrastructure/config"><class name="com/auraops/analyzer/infrastructure/config/AsyncConfig" sourcefilename="AsyncConfig.java"><method name="&lt;init&gt;" desc="()V" line="10"><counter type="INSTRUCTION" missed="0" covered="3"/><counter type="LINE" missed="0" covered="1"/><counter type="COMPLEXITY" missed="0" covered="1"/><counter type="METHOD" missed="0" covered="1"/></method><method name="protocolHandlerCustomizer" desc="()Lorg/springframework/boot/web/embedded/tomcat/TomcatProtocolHandlerCustomizer;" line="14"><counter type="INSTRUCTION" missed="0" covered="2"/><counter type="LINE" missed="0" covered="1"/><counter type="COMPLEXITY" missed="0" covered="1"/><counter type="METHOD" missed="0" covered="1"/></method><method name="lambda$protocolHandlerCustomizer$0" desc="(Lorg/apache/coyote/ProtocolHandler;)V" line="14"><counter type="INSTRUCTION" missed="4" covered="0"/><counter type="LINE" missed="1" covered="0"/><counter type="COMPLEXITY" missed="1" covered="0"/><counter type="METHOD" missed="1" covered="0"/></method><counter type="INSTRUCTION" missed="4" covered="5"/><counter type="LINE" missed="0" covered="2"/><counter type="COMPLEXITY" missed="1" covered="2"/><counter type="METHOD" missed="1" covered="2"/><counter type="CLASS" missed="0" covered="1"/></class><sourcefile name="AsyncConfig.java"><line nr="10" mi="0" ci="3" mb="0" cb="0"/><line nr="14" mi="4" ci="2" mb="0" cb="0"/><counter type="INSTRUCTION" missed="4" covered="5"/><counter type="LINE" missed="0" covered="2"/><counter type="COMPLEXITY" missed="1" covered="2"/><counter type="METHOD" missed="1" covered="2"/><counter type="CLASS" missed="0" covered="1"/></sourcefile><counter type="INSTRUCTION" missed="4" covered="5"/><counter type="LINE" missed="0" covered="2"/><counter type="COMPLEXITY" missed="1" covered="2"/><counter type="METHOD" missed="1" covered="2"/><counter type="CLASS" missed="0" covered="1"/></package><package name="com/auraops/analyzer/domain/model"><class name="com/auraops/analyzer/domain/model/AnalysisResult$Success" sourcefilename="AnalysisResult.java"><method name="&lt;init&gt;" desc="(Ljava/lang/String;Ljava/lang/String;DLcom/auraops/analyzer/domain/model/RemediationAction;Ljava/lang/String;)V" line="15"><counter type="INSTRUCTION" missed="0" covered="68"/><counter type="BRANCH" missed="3" covered="15"/><counter type="LINE" missed="0" covered="7"/><counter type="COMPLEXITY" missed="3" covered="7"/><counter type="METHOD" missed="0" covered="1"/></method><counter type="INSTRUCTION" missed="0" covered="68"/><counter type="BRANCH" missed="3" covered="15"/><counter type="LINE" missed="0" covered="7"/><counter type="COMPLEXITY" missed="3" covered="7"/><counter type="METHOD" missed="0" covered="1"/><counter type="CLASS" missed="0" covered="1"/></class><class name="com/auraops/analyzer/domain/model/RemediationAction" sourcefilename="RemediationAction.java"><method name="&lt;init&gt;" desc="(Ljava/lang/String;Ljava/util/Map;)V" line="6"><counter type="INSTRUCTION" missed="0" covered="26"/><counter type="BRANCH" missed="1" covered="5"/><counter type="LINE" missed="0" covered="5"/><counter type="COMPLEXITY" missed="1" covered="3"/><counter type="METHOD" missed="0" covered="1"/></method><counter type="INSTRUCTION" missed="0" covered="26"/><counter type="BRANCH" missed="1" covered="5"/><counter type="LINE" missed="0" covered="5"/><counter type="COMPLEXITY" missed="1" covered="3"/><counter type="METHOD" missed="0" covered="1"/><counter type="CLASS" missed="0" covered="1"/></class><class name="com/auraops/analyzer/domain/model/Resource" sourcefilename="Resource.java"><method name="&lt;init&gt;" desc="(Ljava/lang/String;Ljava/lang/String;Ljava/lang/String;)V" line="8"><counter type="INSTRUCTION" missed="0" covered="38"/><counter type="BRANCH" missed="2" covered="8"/><counter type="LINE" missed="0" covered="7"/><counter type="COMPLEXITY" missed="2" covered="4"/><counter type="METHOD" missed="0" covered="1"/></method><counter type="INSTRUCTION" missed="0" covered="38"/><counter type="BRANCH" missed="2" covered="8"/><counter type="LINE" missed="0" covered="7"/><counter type="COMPLEXITY" missed="2" covered="4"/><counter type="METHOD" missed="0" covered="1"/><counter type="CLASS" missed="0" covered="1"/></class><class name="com/auraops/analyzer/domain/model/AnalysisResult$CriticalFailure" sourcefilename="AnalysisResult.java"><method name="&lt;init&gt;" desc="(Ljava/lang/String;Lcom/auraops/analyzer/domain/model/ErrorCode;Ljava/lang/String;)V" line="41"><counter type="INSTRUCTION" missed="0" covered="39"/><counter type="BRANCH" missed="2" covered="8"/><counter type="LINE" missed="0" covered="5"/><counter type="COMPLEXITY" missed="2" covered="4"/><counter type="METHOD" missed="0" covered="1"/></method><counter type="INSTRUCTION" missed="0" covered="39"/><counter type="BRANCH" missed="2" covered="8"/><counter type="LINE" missed="0" covered="5"/><counter type="COMPLEXITY" missed="2" covered="4"/><counter type="METHOD" missed="0" covered="1"/><counter type="CLASS" missed="0" covered="1"/></class><class name="com/auraops/analyzer/domain/model/Telemetry" sourcefilename="Telemetry.java"><method name="&lt;init&gt;" desc="(Ljava/util/List;Lcom/auraops/analyzer/domain/model/Metrics;Ljava/util/List;)V" line="10"><counter type="INSTRUCTION" missed="0" covered="36"/><counter type="BRANCH" missed="0" covered="6"/><counter type="LINE" missed="0" covered="8"/><counter type="COMPLEXITY" missed="0" covered="4"/><counter type="METHOD" missed="0" covered="1"/></method><counter type="INSTRUCTION" missed="0" covered="36"/><counter type="BRANCH" missed="0" covered="6"/><counter type="LINE" missed="0" covered="8"/><counter type="COMPLEXITY" missed="0" covered="4"/><counter type="METHOD" missed="0" covered="1"/><counter type="CLASS" missed="0" covered="1"/></class><class name="com/auraops/analyzer/domain/model/Incident" sourcefilename="Incident.java"><method name="&lt;init&gt;" desc="(Ljava/lang/String;Lcom/auraops/analyzer/domain/model/Resource;Lcom/auraops/analyzer/domain/model/Telemetry;)V" line="8"><counter type="INSTRUCTION" missed="0" covered="36"/><counter type="BRANCH" missed="1" covered="7"/><counter type="LINE" missed="0" covered="8"/><counter type="COMPLEXITY" missed="1" covered="4"/><counter type="METHOD" missed="0" covered="1"/></method><counter type="INSTRUCTION" missed="0" covered="36"/><counter type="BRANCH" missed="1" covered="7"/><counter type="LINE" missed="0" covered="8"/><counter type="COMPLEXITY" missed="1" covered="4"/><counter type="METHOD" missed="0" covered="1"/><counter type="CLASS" missed="0" covered="1"/></class><class name="com/auraops/analyzer/domain/model/AnalysisResult" sourcefilename="AnalysisResult.java"/><class name="com/auraops/analyzer/domain/model/Metrics" sourcefilename="Metrics.java"><method name="&lt;init&gt;" desc="(Ljava/lang/String;Ljava/lang/String;ILjava/util/Map;)V" line="11"><counter type="INSTRUCTION" missed="2" covered="27"/><counter type="BRANCH" missed="1" covered="3"/><counter type="LINE" missed="0" covered="5"/><counter type="COMPLEXITY" missed="1" covered="2"/><counter type="METHOD" missed="0" covered="1"/></method><method name="&lt;init&gt;" desc="(Ljava/lang/String;Ljava/lang/String;I)V" line="19"><counter type="INSTRUCTION" missed="0" covered="7"/><counter type="LINE" missed="0" covered="2"/><counter type="COMPLEXITY" missed="0" covered="1"/><counter type="METHOD" missed="0" covered="1"/></method><counter type="INSTRUCTION" missed="2" covered="34"/><counter type="BRANCH" missed="1" covered="3"/><counter type="LINE" missed="0" covered="7"/><counter type="COMPLEXITY" missed="1" covered="3"/><counter type="METHOD" missed="0" covered="2"/><counter type="CLASS" missed="0" covered="1"/></class><class name="com/auraops/analyzer/domain/model/ErrorCode" sourcefilename="ErrorCode.java"><method name="&lt;clinit&gt;" desc="()V" line="3"><counter type="INSTRUCTION" missed="0" covered="27"/><counter type="LINE" missed="0" covered="1"/><counter type="COMPLEXITY" missed="0" covered="1"/><counter type="METHOD" missed="0" covered="1"/></method><counter type="INSTRUCTION" missed="0" covered="27"/><counter type="LINE" missed="0" covered="1"/><counter type="COMPLEXITY" missed="0" covered="1"/><counter type="METHOD" missed="0" covered="1"/><counter type="CLASS" missed="0" covered="1"/></class><class name="com/auraops/analyzer/domain/model/AnalysisResult$Inconclusive" sourcefilename="AnalysisResult.java"><method name="&lt;init&gt;" desc="(Ljava/lang/String;Ljava/lang/String;Ljava/util/List;)V" line="29"><counter type="INSTRUCTION" missed="1" covered="38"/><counter type="BRANCH" missed="3" covered="7"/><counter type="LINE" missed="0" covered="5"/><counter type="COMPLEXITY" missed="3" covered="3"/><counter type="METHOD" missed="0" covered="1"/></method><counter type="INSTRUCTION" missed="1" covered="38"/><counter type="BRANCH" missed="3" covered="7"/><counter type="LINE" missed="0" covered="5"/><counter type="COMPLEXITY" missed="3" covered="3"/><counter type="METHOD" missed="0" covered="1"/><counter type="CLASS" missed="0" covered="1"/></class><sourcefile name="Metrics.java"><line nr="11" mi="0" ci="14" mb="0" cb="0"/><line nr="12" mi="0" ci="2" mb="0" cb="2"/><line nr="13" mi="0" ci="5" mb="0" cb="0"/><line nr="15" mi="2" ci="5" mb="1" cb="1"/><line nr="16" mi="0" ci="1" mb="0" cb="0"/><line nr="19" mi="0" ci="6" mb="0" cb="0"/><line nr="20" mi="0" ci="1" mb="0" cb="0"/><counter type="INSTRUCTION" missed="2" covered="34"/><counter type="BRANCH" missed="1" covered="3"/><counter type="LINE" missed="0" covered="7"/><counter type="COMPLEXITY" missed="1" covered="3"/><counter type="METHOD" missed="0" covered="2"/><counter type="CLASS" missed="0" covered="1"/></sourcefile><sourcefile name="Incident.java"><line nr="8" mi="0" ci="11" mb="0" cb="0"/><line nr="9" mi="0" ci="5" mb="1" cb="3"/><line nr="10" mi="0" ci="5" mb="0" cb="0"/><line nr="12" mi="0" ci="2" mb="0" cb="2"/><line nr="13" mi="0" ci="5" mb="0" cb="0"/><line nr="15" mi="0" ci="2" mb="0" cb="2"/><line nr="16" mi="0" ci="5" mb="0" cb="0"/><line nr="18" mi="0" ci="1" mb="0" cb="0"/><counter type="INSTRUCTION" missed="0" covered="36"/><counter type="BRANCH" missed="1" covered="7"/><counter type="LINE" missed="0" covered="8"/><counter type="COMPLEXITY" missed="1" covered="4"/><counter type="METHOD" missed="0" covered="1"/><counter type="CLASS" missed="0" covered="1"/></sourcefile><sourcefile name="ErrorCode.java"><line nr="3" mi="0" ci="27" mb="0" cb="0"/><counter type="INSTRUCTION" missed="0" covered="27"/><counter type="LINE" missed="0" covered="1"/><counter type="COMPLEXITY" missed="0" covered="1"/><counter type="METHOD" missed="0" covered="1"/><counter type="CLASS" missed="0" covered="1"/></sourcefile><sourcefile name="Resource.java"><line nr="8" mi="0" ci="11" mb="0" cb="0"/><line nr="9" mi="0" ci="5" mb="1" cb="3"/><line nr="10" mi="0" ci="5" mb="0" cb="0"/><line nr="12" mi="0" ci="5" mb="1" cb="3"/><line nr="13" mi="0" ci="5" mb="0" cb="0"/><line nr="15" mi="0" ci="6" mb="0" cb="2"/><line nr="16" mi="0" ci="1" mb="0" cb="0"/><counter type="INSTRUCTION" missed="0" covered="38"/><counter type="BRANCH" missed="2" covered="8"/><counter type="LINE" missed="0" covered="7"/><counter type="COMPLEXITY" missed="2" covered="4"/><counter type="METHOD" missed="0" covered="1"/><counter type="CLASS" missed="0" covered="1"/></sourcefile><sourcefile name="Telemetry.java"><line nr="10" mi="0" ci="11" mb="0" cb="0"/><line nr="11" mi="0" ci="2" mb="0" cb="2"/><line nr="12" mi="0" ci="5" mb="0" cb="0"/><line nr="14" mi="0" ci="2" mb="0" cb="2"/><line nr="15" mi="0" ci="5" mb="0" cb="0"/><line nr="17" mi="0" ci="3" mb="0" cb="0"/><line nr="18" mi="0" ci="7" mb="0" cb="2"/><line nr="19" mi="0" ci="1" mb="0" cb="0"/><counter type="INSTRUCTION" missed="0" covered="36"/><counter type="BRANCH" missed="0" covered="6"/><counter type="LINE" missed="0" covered="8"/><counter type="COMPLEXITY" missed="0" covered="4"/><counter type="METHOD" missed="0" covered="1"/><counter type="CLASS" missed="0" covered="1"/></sourcefile><sourcefile name="RemediationAction.java"><line nr="6" mi="0" ci="8" mb="0" cb="0"/><line nr="7" mi="0" ci="5" mb="1" cb="3"/><line nr="8" mi="0" ci="5" mb="0" cb="0"/><line nr="10" mi="0" ci="7" mb="0" cb="2"/><line nr="11" mi="0" ci="1" mb="0" cb="0"/><counter type="INSTRUCTION" missed="0" covered="26"/><counter type="BRANCH" missed="1" covered="5"/><counter type="LINE" missed="0" covered="5"/><counter type="COMPLEXITY" missed="1" covered="3"/><counter type="METHOD" missed="0" covered="1"/><counter type="CLASS" missed="0" covered="1"/></sourcefile><sourcefile name="AnalysisResult.java"><line nr="15" mi="0" ci="17" mb="0" cb="0"/><line nr="16" mi="0" ci="10" mb="1" cb="3"/><line nr="17" mi="0" ci="10" mb="1" cb="3"/><line nr="18" mi="0" ci="13" mb="0" cb="4"/><line nr="19" mi="0" ci="7" mb="0" cb="2"/><line nr="20" mi="0" ci="10" mb="1" cb="3"/><line nr="21" mi="0" ci="1" mb="0" cb="0"/><line nr="29" mi="0" ci="11" mb="0" cb="0"/><line nr="30" mi="0" ci="10" mb="1" cb="3"/><line nr="31" mi="0" ci="10" mb="1" cb="3"/><line nr="32" mi="1" ci="6" mb="1" cb="1"/><line nr="33" mi="0" ci="1" mb="0" cb="0"/><line nr="41" mi="0" ci="11" mb="0" cb="0"/><line nr="42" mi="0" ci="10" mb="1" cb="3"/><line nr="43" mi="0" ci="7" mb="0" cb="2"/><line nr="44" mi="0" ci="10" mb="1" cb="3"/><line nr="45" mi="0" ci="1" mb="0" cb="0"/><counter type="INSTRUCTION" missed="1" covered="145"/><counter type="BRANCH" missed="8" covered="30"/><counter type="LINE" missed="0" covered="17"/><counter type="COMPLEXITY" missed="8" covered="14"/><counter type="METHOD" missed="0" covered="3"/><counter type="CLASS" missed="0" covered="3"/></sourcefile><counter type="INSTRUCTION" missed="3" covered="342"/><counter type="BRANCH" missed="13" covered="59"/><counter type="LINE" missed="0" covered="53"/><counter type="COMPLEXITY" missed="13" covered="33"/><counter type="METHOD" missed="0" covered="10"/><counter type="CLASS" missed="0" covered="9"/></package><package name="com/auraops/analyzer/domain/service"><class name="com/auraops/analyzer/domain/service/IncidentAnalysisService" sourcefilename="IncidentAnalysisService.java"><method name="&lt;init&gt;" desc="()V" line="12"><counter type="INSTRUCTION" missed="0" covered="3"/><counter type="LINE" missed="0" covered="1"/><counter type="COMPLEXITY" missed="0" covered="1"/><counter type="METHOD" missed="0" covered="1"/></method><method name="assessReadiness" desc="(Lcom/auraops/analyzer/domain/model/Incident;)Ljava/util/Optional;" line="15"><counter type="INSTRUCTION" missed="4" covered="58"/><counter type="BRANCH" missed="5" covered="9"/><counter type="LINE" missed="1" covered="13"/><counter type="COMPLEXITY" missed="5" covered="3"/><counter type="METHOD" missed="0" covered="1"/></method><counter type="INSTRUCTION" missed="4" covered="61"/><counter type="BRANCH" missed="5" covered="9"/><counter type="LINE" missed="1" covered="14"/><counter type="COMPLEXITY" missed="5" covered="4"/><counter type="METHOD" missed="0" covered="2"/><counter type="CLASS" missed="0" covered="1"/></class><sourcefile name="IncidentAnalysisService.java"><line nr="12" mi="0" ci="3" mb="0" cb="0"/><line nr="15" mi="0" ci="4" mb="0" cb="0"/><line nr="17" mi="0" ci="5" mb="1" cb="1"/><line nr="18" mi="4" ci="0" mb="0" cb="0"/><line nr="21" mi="0" ci="5" mb="1" cb="1"/><line nr="22" mi="0" ci="4" mb="0" cb="0"/><line nr="25" mi="0" ci="6" mb="0" cb="2"/><line nr="26" mi="0" ci="5" mb="1" cb="1"/><line nr="27" mi="0" ci="5" mb="1" cb="1"/><line nr="28" mi="0" ci="5" mb="1" cb="1"/><line nr="29" mi="0" ci="4" mb="0" cb="0"/><line nr="32" mi="0" ci="4" mb="0" cb="2"/><line nr="33" mi="0" ci="5" mb="0" cb="0"/><line nr="34" mi="0" ci="4" mb="0" cb="0"/><line nr="40" mi="0" ci="2" mb="0" cb="0"/><counter type="INSTRUCTION" missed="4" covered="61"/><counter type="BRANCH" missed="5" covered="9"/><counter type="LINE" missed="1" covered="14"/><counter type="COMPLEXITY" missed="5" covered="4"/><counter type="METHOD" missed="0" covered="2"/><counter type="CLASS" missed="0" covered="1"/></sourcefile><counter type="INSTRUCTION" missed="4" covered="61"/><counter type="BRANCH" missed="5" covered="9"/><counter type="LINE" missed="1" covered="14"/><counter type="COMPLEXITY" missed="5" covered="4"/><counter type="METHOD" missed="0" covered="2"/><counter type="CLASS" missed="0" covered="1"/></package><package name="com/auraops/analyzer/infrastructure/adapters/out/ai"><class name="com/auraops/analyzer/infrastructure/adapters/out/ai/StructuredAnalysisResponse" sourcefilename="StructuredAnalysisResponse.java"><method name="&lt;init&gt;" desc="(Ljava/lang/String;Ljava/lang/String;Ljava/lang/Double;Lcom/auraops/analyzer/infrastructure/adapters/out/ai/StructuredAnalysisResponse$StructuredRemediationAction;Ljava/lang/String;Ljava/lang/String;Ljava/util/List;)V" line="6"><counter type="INSTRUCTION" missed="24" covered="0"/><counter type="LINE" missed="1" covered="0"/><counter type="COMPLEXITY" missed="1" covered="0"/><counter type="METHOD" missed="1" covered="0"/></method><counter type="INSTRUCTION" missed="24" covered="0"/><counter type="LINE" missed="1" covered="0"/><counter type="COMPLEXITY" missed="1" covered="0"/><counter type="METHOD" missed="1" covered="0"/><counter type="CLASS" missed="1" covered="0"/></class><class name="com/auraops/analyzer/infrastructure/adapters/out/ai/SpringAIAdapter" sourcefilename="SpringAIAdapter.java"><method name="&lt;init&gt;" desc="(Lorg/springframework/ai/chat/model/ChatModel;Lcom/auraops/analyzer/infrastructure/adapters/out/ai/AnalysisResponseParser;Lcom/auraops/analyzer/infrastructure/adapters/out/ai/TelemetryRedactor;Lcom/fasterxml/jackson/databind/ObjectMapper;)V" line="36"><counter type="INSTRUCTION" missed="0" covered="35"/><counter type="LINE" missed="0" covered="12"/><counter type="COMPLEXITY" missed="0" covered="1"/><counter type="METHOD" missed="0" covered="1"/></method><method name="analyze" desc="(Lcom/auraops/analyzer/domain/model/Incident;)Lcom/auraops/analyzer/domain/model/AnalysisResult;" line="52"><counter type="INSTRUCTION" missed="74" covered="0"/><counter type="BRANCH" missed="2" covered="0"/><counter type="LINE" missed="18" covered="0"/><counter type="COMPLEXITY" missed="2" covered="0"/><counter type="METHOD" missed="1" covered="0"/></method><method name="truncateAndRedact" desc="(Ljava/util/List;)Ljava/lang/String;" line="98"><counter type="INSTRUCTION" missed="21" covered="0"/><counter type="BRANCH" missed="2" covered="0"/><counter type="LINE" missed="5" covered="0"/><counter type="COMPLEXITY" missed="2" covered="0"/><counter type="METHOD" missed="1" covered="0"/></method><method name="safeMessage" desc="(Ljava/lang/Exception;)Ljava/lang/String;" line="107"><counter type="INSTRUCTION" missed="12" covered="0"/><counter type="BRANCH" missed="4" covered="0"/><counter type="LINE" missed="1" covered="0"/><counter type="COMPLEXITY" missed="3" covered="0"/><counter type="METHOD" missed="1" covered="0"/></method><counter type="INSTRUCTION" missed="107" covered="35"/><counter type="BRANCH" missed="8" covered="0"/><counter type="LINE" missed="24" covered="12"/><counter type="COMPLEXITY" missed="7" covered="1"/><counter type="METHOD" missed="3" covered="1"/><counter type="CLASS" missed="0" covered="1"/></class><class name="com/auraops/analyzer/infrastructure/adapters/out/ai/TelemetryRedactor" sourcefilename="TelemetryRedactor.java"><method name="&lt;init&gt;" desc="()V" line="8"><counter type="INSTRUCTION" missed="0" covered="3"/><counter type="LINE" missed="0" covered="1"/><counter type="COMPLEXITY" missed="0" covered="1"/><counter type="METHOD" missed="0" covered="1"/></method><method name="redact" desc="(Ljava/lang/String;)Ljava/lang/String;" line="17"><counter type="INSTRUCTION" missed="25" covered="0"/><counter type="BRANCH" missed="4" covered="0"/><counter type="LINE" missed="6" covered="0"/><counter type="COMPLEXITY" missed="3" covered="0"/><counter type="METHOD" missed="1" covered="0"/></method><method name="redact" desc="(Ljava/util/List;)Ljava/util/List;" line="26"><counter type="INSTRUCTION" missed="11" covered="0"/><counter type="BRANCH" missed="2" covered="0"/><counter type="LINE" missed="2" covered="0"/><counter type="COMPLEXITY" missed="2" covered="0"/><counter type="METHOD" missed="1" covered="0"/></method><method name="&lt;clinit&gt;" desc="()V" line="10"><counter type="INSTRUCTION" missed="0" covered="12"/><counter type="LINE" missed="0" covered="4"/><counter type="COMPLEXITY" missed="0" covered="1"/><counter type="METHOD" missed="0" covered="1"/></method><counter type="INSTRUCTION" missed="36" covered="15"/><counter type="BRANCH" missed="6" covered="0"/><counter type="LINE" missed="8" covered="5"/><counter type="COMPLEXITY" missed="5" covered="2"/><counter type="METHOD" missed="2" covered="2"/><counter type="CLASS" missed="0" covered="1"/></class><class name="com/auraops/analyzer/infrastructure/adapters/out/ai/StructuredAnalysisResponse$StructuredRemediationAction" sourcefilename="StructuredAnalysisResponse.java"><method name="&lt;init&gt;" desc="(Ljava/lang/String;Ljava/util/Map;)V" line="15"><counter type="INSTRUCTION" missed="9" covered="0"/><counter type="LINE" missed="1" covered="0"/><counter type="COMPLEXITY" missed="1" covered="0"/><counter type="METHOD" missed="1" covered="0"/></method><counter type="INSTRUCTION" missed="9" covered="0"/><counter type="LINE" missed="1" covered="0"/><counter type="COMPLEXITY" missed="1" covered="0"/><counter type="METHOD" missed="1" covered="0"/><counter type="CLASS" missed="1" covered="0"/></class><class name="com/auraops/analyzer/infrastructure/adapters/out/ai/AnalysisResponseParser$2" sourcefilename="AnalysisResponseParser.java"><method name="&lt;init&gt;" desc="(Lcom/auraops/analyzer/infrastructure/adapters/out/ai/AnalysisResponseParser;)V" line="167"><counter type="INSTRUCTION" missed="3" covered="0"/><counter type="LINE" missed="1" covered="0"/><counter type="COMPLEXITY" missed="1" covered="0"/><counter type="METHOD" missed="1" covered="0"/></method><counter type="INSTRUCTION" missed="3" covered="0"/><counter type="LINE" missed="1" covered="0"/><counter type="COMPLEXITY" missed="1" covered="0"/><counter type="METHOD" missed="1" covered="0"/><counter type="CLASS" missed="1" covered="0"/></class><class name="com/auraops/analyzer/infrastructure/adapters/out/ai/AnalysisResponseParser" sourcefilename="AnalysisResponseParser.java"><method name="&lt;init&gt;" desc="(Lcom/fasterxml/jackson/databind/ObjectMapper;)V" line="21"><counter type="INSTRUCTION" missed="0" covered="6"/><counter type="LINE" missed="0" covered="3"/><counter type="COMPLEXITY" missed="0" covered="1"/><counter type="METHOD" missed="0" covered="1"/></method><method name="parse" desc="(Ljava/lang/String;Ljava/lang/String;)Lcom/auraops/analyzer/domain/model/AnalysisResult;" line="27"><counter type="INSTRUCTION" missed="5" covered="35"/><counter type="BRANCH" missed="1" covered="1"/><counter type="LINE" missed="1" covered="7"/><counter type="COMPLEXITY" missed="1" covered="1"/><counter type="METHOD" missed="0" covered="1"/></method><method name="parse" desc="(Ljava/lang/String;Lcom/auraops/analyzer/infrastructure/adapters/out/ai/StructuredAnalysisResponse;)Lcom/auraops/analyzer/domain/model/AnalysisResult;" line="46"><counter type="INSTRUCTION" missed="46" covered="0"/><counter type="BRANCH" missed="4" covered="0"/><counter type="LINE" missed="9" covered="0"/><counter type="COMPLEXITY" missed="3" covered="0"/><counter type="METHOD" missed="1" covered="0"/></method><method name="parseSuccess" desc="(Ljava/lang/String;Lcom/fasterxml/jackson/databind/JsonNode;)Lcom/auraops/analyzer/domain/model/AnalysisResult;" line="66"><counter type="INSTRUCTION" missed="16" covered="128"/><counter type="BRANCH" missed="6" covered="12"/><counter type="LINE" missed="4" covered="21"/><counter type="COMPLEXITY" missed="6" covered="4"/><counter type="METHOD" missed="0" covered="1"/></method><method name="parseStructuredSuccess" desc="(Ljava/lang/String;Lcom/auraops/analyzer/infrastructure/adapters/out/ai/StructuredAnalysisResponse;)Lcom/auraops/analyzer/domain/model/AnalysisResult;" line="117"><counter type="INSTRUCTION" missed="108" covered="0"/><counter type="BRANCH" missed="18" covered="0"/><counter type="LINE" missed="22" covered="0"/><counter type="COMPLEXITY" missed="10" covered="0"/><counter type="METHOD" missed="1" covered="0"/></method><method name="parseInconclusive" desc="(Ljava/lang/String;Lcom/fasterxml/jackson/databind/JsonNode;)Lcom/auraops/analyzer/domain/model/AnalysisResult;" line="163"><counter type="INSTRUCTION" missed="53" covered="0"/><counter type="BRANCH" missed="6" covered="0"/><counter type="LINE" missed="7" covered="0"/><counter type="COMPLEXITY" missed="4" covered="0"/><counter type="METHOD" missed="1" covered="0"/></method><method name="firstPresentField" desc="(Lcom/fasterxml/jackson/databind/JsonNode;[Ljava/lang/String;)Lcom/fasterxml/jackson/databind/JsonNode;" line="177"><counter type="INSTRUCTION" missed="0" covered="27"/><counter type="BRANCH" missed="0" covered="4"/><counter type="LINE" missed="0" covered="5"/><counter type="COMPLEXITY" missed="0" covered="3"/><counter type="METHOD" missed="0" covered="1"/></method><method name="field" desc="(Lcom/fasterxml/jackson/databind/JsonNode;Ljava/lang/String;)Lcom/fasterxml/jackson/databind/JsonNode;" line="187"><counter type="INSTRUCTION" missed="0" covered="13"/><counter type="BRANCH" missed="1" covered="3"/><counter type="LINE" missed="0" covered="2"/><counter type="COMPLEXITY" missed="1" covered="2"/><counter type="METHOD" missed="0" covered="1"/></method><method name="textValue" desc="(Lcom/fasterxml/jackson/databind/JsonNode;Ljava/lang/String;)Ljava/lang/String;" line="192"><counter type="INSTRUCTION" missed="0" covered="11"/><counter type="LINE" missed="0" covered="1"/><counter type="COMPLEXITY" missed="0" covered="1"/><counter type="METHOD" missed="0" covered="1"/></method><method name="doubleValue" desc="(Lcom/fasterxml/jackson/databind/JsonNode;Ljava/lang/String;)Ljava/lang/Double;" line="196"><counter type="INSTRUCTION" missed="2" covered="14"/><counter type="BRANCH" missed="2" covered="2"/><counter type="LINE" missed="1" covered="3"/><counter type="COMPLEXITY" missed="2" covered="1"/><counter type="METHOD" missed="0" covered="1"/></method><method name="firstNonBlankText" desc="(Lcom/fasterxml/jackson/databind/JsonNode;[Ljava/lang/String;)Ljava/lang/String;" line="204"><counter type="INSTRUCTION" missed="0" covered="28"/><counter type="BRANCH" missed="0" covered="4"/><counter type="LINE" missed="0" covered="5"/><counter type="COMPLEXITY" missed="0" covered="3"/><counter type="METHOD" missed="0" covered="1"/></method><method name="lambda$parseSuccess$1" desc="(Lcom/fasterxml/jackson/databind/JsonNode;)Ljava/util/Map;" line="104"><counter type="INSTRUCTION" missed="0" covered="10"/><counter type="LINE" missed="0" covered="1"/><counter type="COMPLEXITY" missed="0" covered="1"/><counter type="METHOD" missed="0" covered="1"/></method><method name="lambda$parseSuccess$0" desc="(Lcom/fasterxml/jackson/databind/JsonNode;)Z" line="103"><counter type="INSTRUCTION" missed="1" covered="6"/><counter type="BRANCH" missed="1" covered="1"/><counter type="LINE" missed="0" covered="1"/><counter type="COMPLEXITY" missed="1" covered="1"/><counter type="METHOD" missed="0" covered="1"/></method><method name="lambda$parse$0" desc="(Ljava/lang/String;)Z" line="53"><counter type="INSTRUCTION" missed="7" covered="0"/><counter type="BRANCH" missed="2" covered="0"/><counter type="LINE" missed="1" covered="0"/><counter type="COMPLEXITY" missed="2" covered="0"/><counter type="METHOD" missed="1" covered="0"/></method><counter type="INSTRUCTION" missed="238" covered="278"/><counter type="BRANCH" missed="41" covered="27"/><counter type="LINE" missed="44" covered="47"/><counter type="COMPLEXITY" missed="30" covered="18"/><counter type="METHOD" missed="4" covered="10"/><counter type="CLASS" missed="0" covered="1"/></class><class name="com/auraops/analyzer/infrastructure/adapters/out/ai/AnalysisResponseParser$1" sourcefilename="AnalysisResponseParser.java"><method name="&lt;init&gt;" desc="(Lcom/auraops/analyzer/infrastructure/adapters/out/ai/AnalysisResponseParser;)V" line="104"><counter type="INSTRUCTION" missed="0" covered="3"/><counter type="LINE" missed="0" covered="1"/><counter type="COMPLEXITY" missed="0" covered="1"/><counter type="METHOD" missed="0" covered="1"/></method><counter type="INSTRUCTION" missed="0" covered="3"/><counter type="LINE" missed="0" covered="1"/><counter type="COMPLEXITY" missed="0" covered="1"/><counter type="METHOD" missed="0" covered="1"/><counter type="CLASS" missed="0" covered="1"/></class><sourcefile name="StructuredAnalysisResponse.java"><line nr="6" mi="24" ci="0" mb="0" cb="0"/><line nr="15" mi="9" ci="0" mb="0" cb="0"/><counter type="INSTRUCTION" missed="33" covered="0"/><counter type="LINE" missed="2" covered="0"/><counter type="COMPLEXITY" missed="2" covered="0"/><counter type="METHOD" missed="2" covered="0"/><counter type="CLASS" missed="2" covered="0"/></sourcefile><sourcefile name="SpringAIAdapter.java"><line nr="36" mi="0" ci="2" mb="0" cb="0"/><line nr="37" mi="0" ci="3" mb="0" cb="0"/><line nr="38" mi="0" ci="3" mb="0" cb="0"/><line nr="39" mi="0" ci="7" mb="0" cb="0"/><line nr="40" mi="0" ci="7" mb="0" cb="0"/><line nr="41" mi="0" ci="3" mb="0" cb="0"/><line nr="42" mi="0" ci="2" mb="0" cb="0"/><line nr="43" mi="0" ci="2" mb="0" cb="0"/><line nr="44" mi="0" ci="1" mb="0" cb="0"/><line nr="45" mi="0" ci="2" mb="0" cb="0"/><line nr="46" mi="0" ci="2" mb="0" cb="0"/><line nr="47" mi="0" ci="1" mb="0" cb="0"/><line nr="52" mi="6" ci="0" mb="0" cb="0"/><line nr="54" mi="2" ci="0" mb="0" cb="0"/><line nr="66" mi="5" ci="0" mb="0" cb="0"/><line nr="67" mi="6" ci="0" mb="0" cb="0"/><line nr="68" mi="3" ci="0" mb="0" cb="0"/><line nr="69" mi="8" ci="0" mb="0" cb="0"/><line nr="73" mi="5" ci="0" mb="0" cb="0"/><line nr="74" mi="1" ci="0" mb="0" cb="0"/><line nr="75" mi="3" ci="0" mb="0" cb="0"/><line nr="76" mi="3" ci="0" mb="0" cb="0"/><line nr="78" mi="2" ci="0" mb="2" cb="0"/><line nr="79" mi="4" ci="0" mb="0" cb="0"/><line nr="80" mi="4" ci="0" mb="0" cb="0"/><line nr="86" mi="7" ci="0" mb="0" cb="0"/><line nr="88" mi="1" ci="0" mb="0" cb="0"/><line nr="89" mi="4" ci="0" mb="0" cb="0"/><line nr="90" mi="3" ci="0" mb="0" cb="0"/><line nr="92" mi="7" ci="0" mb="0" cb="0"/><line nr="98" mi="4" ci="0" mb="0" cb="0"/><line nr="99" mi="5" ci="0" mb="0" cb="0"/><line nr="100" mi="4" ci="0" mb="2" cb="0"/><line nr="101" mi="6" ci="0" mb="0" cb="0"/><line nr="103" mi="2" ci="0" mb="0" cb="0"/><line nr="107" mi="12" ci="0" mb="4" cb="0"/><counter type="INSTRUCTION" missed="107" covered="35"/><counter type="BRANCH" missed="8" covered="0"/><counter type="LINE" missed="24" covered="12"/><counter type="COMPLEXITY" missed="7" covered="1"/><counter type="METHOD" missed="3" covered="1"/><counter type="CLASS" missed="0" covered="1"/></sourcefile><sourcefile name="AnalysisResponseParser.java"><line nr="21" mi="0" ci="2" mb="0" cb="0"/><line nr="22" mi="0" ci="3" mb="0" cb="0"/><line nr="23" mi="0" ci="1" mb="0" cb="0"/><line nr="27" mi="0" ci="5" mb="0" cb="0"/><line nr="28" mi="0" ci="11" mb="0" cb="0"/><line nr="30" mi="0" ci="4" mb="1" cb="1"/><line nr="31" mi="0" ci="5" mb="0" cb="0"/><line nr="34" mi="5" ci="0" mb="0" cb="0"/><line nr="35" mi="0" ci="1" mb="0" cb="0"/><line nr="36" mi="0" ci="6" mb="0" cb="0"/><line nr="39" mi="0" ci="3" mb="0" cb="0"/><line nr="46" mi="7" ci="0" mb="0" cb="0"/><line nr="47" mi="4" ci="0" mb="2" cb="0"/><line nr="48" mi="5" ci="0" mb="0" cb="0"/><line nr="51" mi="5" ci="0" mb="0" cb="0"/><line nr="53" mi="14" ci="0" mb="2" cb="0"/><line nr="54" mi="8" ci="0" mb="2" cb="0"/><line nr="56" mi="1" ci="0" mb="0" cb="0"/><line nr="57" mi="6" ci="0" mb="0" cb="0"/><line nr="60" mi="3" ci="0" mb="0" cb="0"/><line nr="66" mi="0" ci="5" mb="0" cb="0"/><line nr="67" mi="0" ci="5" mb="0" cb="0"/><line nr="68" mi="0" ci="18" mb="0" cb="0"/><line nr="69" mi="0" ci="14" mb="0" cb="0"/><line nr="71" mi="0" ci="4" mb="0" cb="0"/><line nr="72" mi="0" ci="3" mb="1" cb="1"/><line nr="73" mi="4" ci="0" mb="0" cb="0"/><line nr="75" mi="0" ci="12" mb="3" cb="3"/><line nr="76" mi="4" ci="0" mb="0" cb="0"/><line nr="78" mi="0" ci="3" mb="0" cb="2"/><line nr="79" mi="0" ci="4" mb="0" cb="0"/><line nr="81" mi="0" ci="5" mb="1" cb="3"/><line nr="82" mi="0" ci="4" mb="0" cb="0"/><line nr="85" mi="0" ci="3" mb="0" cb="2"/><line nr="86" mi="0" ci="7" mb="0" cb="0"/><line nr="93" mi="0" ci="11" mb="0" cb="0"/><line nr="94" mi="0" ci="3" mb="1" cb="1"/><line nr="95" mi="6" ci="0" mb="0" cb="0"/><line nr="98" mi="2" ci="0" mb="0" cb="0"/><line nr="102" mi="0" ci="5" mb="0" cb="0"/><line nr="103" mi="1" ci="9" mb="1" cb="1"/><line nr="104" mi="0" ci="14" mb="0" cb="0"/><line nr="105" mi="0" ci="4" mb="0" cb="0"/><line nr="107" mi="0" ci="6" mb="0" cb="0"/><line nr="110" mi="0" ci="8" mb="0" cb="0"/><line nr="117" mi="7" ci="0" mb="0" cb="0"/><line nr="118" mi="3" ci="0" mb="0" cb="0"/><line nr="119" mi="7" ci="0" mb="0" cb="0"/><line nr="120" mi="3" ci="0" mb="0" cb="0"/><line nr="122" mi="4" ci="0" mb="0" cb="0"/><line nr="123" mi="3" ci="0" mb="2" cb="0"/><line nr="124" mi="4" ci="0" mb="0" cb="0"/><line nr="126" mi="12" ci="0" mb="6" cb="0"/><line nr="127" mi="4" ci="0" mb="0" cb="0"/><line nr="129" mi="3" ci="0" mb="2" cb="0"/><line nr="130" mi="4" ci="0" mb="0" cb="0"/><line nr="132" mi="2" ci="0" mb="2" cb="0"/><line nr="133" mi="4" ci="0" mb="0" cb="0"/><line nr="136" mi="3" ci="0" mb="2" cb="0"/><line nr="137" mi="7" ci="0" mb="0" cb="0"/><line nr="144" mi="7" ci="0" mb="0" cb="0"/><line nr="145" mi="3" ci="0" mb="2" cb="0"/><line nr="146" mi="6" ci="0" mb="0" cb="0"/><line nr="149" mi="2" ci="0" mb="0" cb="0"/><line nr="153" mi="6" ci="0" mb="0" cb="0"/><line nr="156" mi="4" ci="0" mb="0" cb="0"/><line nr="157" mi="10" ci="0" mb="2" cb="0"/><line nr="163" mi="11" ci="0" mb="0" cb="0"/><line nr="164" mi="14" ci="0" mb="0" cb="0"/><line nr="165" mi="5" ci="0" mb="4" cb="0"/><line nr="166" mi="2" ci="0" mb="0" cb="0"/><line nr="167" mi="13" ci="0" mb="0" cb="0"/><line nr="169" mi="5" ci="0" mb="0" cb="0"/><line nr="172" mi="6" ci="0" mb="2" cb="0"/><line nr="177" mi="0" ci="16" mb="0" cb="2"/><line nr="178" mi="0" ci="5" mb="0" cb="0"/><line nr="179" mi="0" ci="2" mb="0" cb="2"/><line nr="180" mi="0" ci="2" mb="0" cb="0"/><line nr="183" mi="0" ci="2" mb="0" cb="0"/><line nr="187" mi="0" ci="4" mb="0" cb="0"/><line nr="188" mi="0" ci="9" mb="1" cb="3"/><line nr="192" mi="0" ci="11" mb="0" cb="0"/><line nr="196" mi="0" ci="5" mb="0" cb="0"/><line nr="197" mi="0" ci="5" mb="2" cb="2"/><line nr="198" mi="2" ci="0" mb="0" cb="0"/><line nr="200" mi="0" ci="4" mb="0" cb="0"/><line nr="204" mi="0" ci="16" mb="0" cb="2"/><line nr="205" mi="0" ci="5" mb="0" cb="0"/><line nr="206" mi="0" ci="3" mb="0" cb="2"/><line nr="207" mi="0" ci="2" mb="0" cb="0"/><line nr="210" mi="0" ci="2" mb="0" cb="0"/><counter type="INSTRUCTION" missed="241" covered="281"/><counter type="BRANCH" missed="41" covered="27"/><counter type="LINE" missed="44" covered="47"/><counter type="COMPLEXITY" missed="31" covered="19"/><counter type="METHOD" missed="5" covered="11"/><counter type="CLASS" missed="1" covered="2"/></sourcefile><sourcefile name="TelemetryRedactor.java"><line nr="8" mi="0" ci="3" mb="0" cb="0"/><line nr="10" mi="0" ci="5" mb="0" cb="0"/><line nr="11" mi="0" ci="3" mb="0" cb="0"/><line nr="12" mi="0" ci="3" mb="0" cb="0"/><line nr="13" mi="0" ci="1" mb="0" cb="0"/><line nr="17" mi="4" ci="0" mb="2" cb="0"/><line nr="18" mi="2" ci="0" mb="0" cb="0"/><line nr="19" mi="10" ci="0" mb="2" cb="0"/><line nr="20" mi="6" ci="0" mb="0" cb="0"/><line nr="21" mi="1" ci="0" mb="0" cb="0"/><line nr="22" mi="2" ci="0" mb="0" cb="0"/><line nr="26" mi="4" ci="0" mb="2" cb="0"/><line nr="27" mi="7" ci="0" mb="0" cb="0"/><counter type="INSTRUCTION" missed="36" covered="15"/><counter type="BRANCH" missed="6" covered="0"/><counter type="LINE" missed="8" covered="5"/><counter type="COMPLEXITY" missed="5" covered="2"/><counter type="METHOD" missed="2" covered="2"/><counter type="CLASS" missed="0" covered="1"/></sourcefile><counter type="INSTRUCTION" missed="417" covered="331"/><counter type="BRANCH" missed="55" covered="27"/><counter type="LINE" missed="78" covered="64"/><counter type="COMPLEXITY" missed="45" covered="22"/><counter type="METHOD" missed="12" covered="14"/><counter type="CLASS" missed="3" covered="4"/></package><package name="com/auraops/analyzer/infrastructure/adapters/in/web"><class name="com/auraops/analyzer/infrastructure/adapters/in/web/AnalysisResponseDto$RemediationActionDto" sourcefilename="AnalysisResponseDto.java"><method name="&lt;init&gt;" desc="(Ljava/lang/String;Ljava/util/Map;)V" line="13"><counter type="INSTRUCTION" missed="0" covered="9"/><counter type="LINE" missed="0" covered="1"/><counter type="COMPLEXITY" missed="0" covered="1"/><counter type="METHOD" missed="0" covered="1"/></method><counter type="INSTRUCTION" missed="0" covered="9"/><counter type="LINE" missed="0" covered="1"/><counter type="COMPLEXITY" missed="0" covered="1"/><counter type="METHOD" missed="0" covered="1"/><counter type="CLASS" missed="0" covered="1"/></class><class name="com/auraops/analyzer/infrastructure/adapters/in/web/AnalysisRequestDto" sourcefilename="AnalysisRequestDto.java"><method name="&lt;init&gt;" desc="(Ljava/lang/String;Lcom/auraops/analyzer/infrastructure/adapters/in/web/AnalysisRequestDto$ResourceDto;Lcom/auraops/analyzer/infrastructure/adapters/in/web/AnalysisRequestDto$TelemetryDto;)V" line="13"><counter type="INSTRUCTION" missed="0" covered="12"/><counter type="LINE" missed="0" covered="1"/><counter type="COMPLEXITY" missed="0" covered="1"/><counter type="METHOD" missed="0" covered="1"/></method><counter type="INSTRUCTION" missed="0" covered="12"/><counter type="LINE" missed="0" covered="1"/><counter type="COMPLEXITY" missed="0" covered="1"/><counter type="METHOD" missed="0" covered="1"/><counter type="CLASS" missed="0" covered="1"/></class><class name="com/auraops/analyzer/infrastructure/adapters/in/web/AnalysisController" sourcefilename="AnalysisController.java"><method name="&lt;init&gt;" desc="(Lcom/auraops/analyzer/application/ports/in/AnalyzeIncidentUseCase;)V" line="27"><counter type="INSTRUCTION" missed="0" covered="8"/><counter type="LINE" missed="0" covered="3"/><counter type="COMPLEXITY" missed="0" covered="1"/><counter type="METHOD" missed="0" covered="1"/></method><method name="analyze" desc="(Lcom/auraops/analyzer/infrastructure/adapters/in/web/AnalysisRequestDto;)Lorg/springframework/http/ResponseEntity;" line="33"><counter type="INSTRUCTION" missed="0" covered="13"/><counter type="LINE" missed="0" covered="3"/><counter type="COMPLEXITY" missed="0" covered="1"/><counter type="METHOD" missed="0" covered="1"/></method><method name="mapToDomain" desc="(Lcom/auraops/analyzer/infrastructure/adapters/in/web/AnalysisRequestDto;)Lcom/auraops/analyzer/domain/model/Incident;" line="39"><counter type="INSTRUCTION" missed="0" covered="54"/><counter type="LINE" missed="0" covered="11"/><counter type="COMPLEXITY" missed="0" covered="1"/><counter type="METHOD" missed="0" covered="1"/></method><method name="mapToResponse" desc="(Lcom/auraops/analyzer/domain/model/AnalysisResult;)Lorg/springframework/http/ResponseEntity;" line="60"><counter type="INSTRUCTION" missed="18" covered="61"/><counter type="BRANCH" missed="2" covered="3"/><counter type="LINE" missed="4" covered="11"/><counter type="COMPLEXITY" missed="2" covered="2"/><counter type="METHOD" missed="0" covered="1"/></method><method name="problemDetail" desc="(Lorg/springframework/http/HttpStatus;Ljava/lang/String;Ljava/lang/String;Ljava/lang/String;Z)Lorg/springframework/http/ProblemDetail;" line="98"><counter type="INSTRUCTION" missed="0" covered="8"/><counter type="LINE" missed="0" covered="1"/><counter type="COMPLEXITY" missed="0" covered="1"/><counter type="METHOD" missed="0" covered="1"/></method><counter type="INSTRUCTION" missed="18" covered="144"/><counter type="BRANCH" missed="2" covered="3"/><counter type="LINE" missed="4" covered="29"/><counter type="COMPLEXITY" missed="2" covered="6"/><counter type="METHOD" missed="0" covered="5"/><counter type="CLASS" missed="0" covered="1"/></class><class name="com/auraops/analyzer/infrastructure/adapters/in/web/AnalysisRequestDto$ResourceDto" sourcefilename="AnalysisRequestDto.java"><method name="&lt;init&gt;" desc="(Ljava/lang/String;Ljava/lang/String;Ljava/lang/String;)V" line="18"><counter type="INSTRUCTION" missed="0" covered="12"/><counter type="LINE" missed="0" covered="1"/><counter type="COMPLEXITY" missed="0" covered="1"/><counter type="METHOD" missed="0" covered="1"/></method><counter type="INSTRUCTION" missed="0" covered="12"/><counter type="LINE" missed="0" covered="1"/><counter type="COMPLEXITY" missed="0" covered="1"/><counter type="METHOD" missed="0" covered="1"/><counter type="CLASS" missed="0" covered="1"/></class><class name="com/auraops/analyzer/infrastructure/adapters/in/web/AnalysisResponseDto" sourcefilename="AnalysisResponseDto.java"><method name="&lt;init&gt;" desc="(Ljava/lang/String;DLcom/auraops/analyzer/infrastructure/adapters/in/web/AnalysisResponseDto$RemediationActionDto;Ljava/lang/String;)V" line="7"><counter type="INSTRUCTION" missed="0" covered="15"/><counter type="LINE" missed="0" covered="1"/><counter type="COMPLEXITY" missed="0" covered="1"/><counter type="METHOD" missed="0" covered="1"/></method><counter type="INSTRUCTION" missed="0" covered="15"/><counter type="LINE" missed="0" covered="1"/><counter type="COMPLEXITY" missed="0" covered="1"/><counter type="METHOD" missed="0" covered="1"/><counter type="CLASS" missed="0" covered="1"/></class><class name="com/auraops/analyzer/infrastructure/adapters/in/web/AnalysisRequestDto$MetricsDto" sourcefilename="AnalysisRequestDto.java"><method name="&lt;init&gt;" desc="(Ljava/lang/String;Ljava/lang/String;ILjava/util/Map;)V" line="30"><counter type="INSTRUCTION" missed="0" covered="15"/><counter type="LINE" missed="0" covered="1"/><counter type="COMPLEXITY" missed="0" covered="1"/><counter type="METHOD" missed="0" covered="1"/></method><counter type="INSTRUCTION" missed="0" covered="15"/><counter type="LINE" missed="0" covered="1"/><counter type="COMPLEXITY" missed="0" covered="1"/><counter type="METHOD" missed="0" covered="1"/><counter type="CLASS" missed="0" covered="1"/></class><class name="com/auraops/analyzer/infrastructure/adapters/in/web/ProblemDetailsFactory" sourcefilename="ProblemDetailsFactory.java"><method name="create" desc="(Lorg/springframework/http/HttpStatus;Ljava/lang/String;Ljava/lang/String;Ljava/lang/String;ZLjava/lang/String;)Lorg/springframework/http/ProblemDetail;" line="23"><counter type="INSTRUCTION" missed="7" covered="35"/><counter type="BRANCH" missed="3" covered="1"/><counter type="LINE" missed="1" covered="9"/><counter type="COMPLEXITY" missed="2" covered="1"/><counter type="METHOD" missed="0" covered="1"/></method><method name="traceId" desc="()Ljava/lang/String;" line="37"><counter type="INSTRUCTION" missed="0" covered="20"/><counter type="BRANCH" missed="2" covered="6"/><counter type="LINE" missed="0" covered="4"/><counter type="COMPLEXITY" missed="2" covered="3"/><counter type="METHOD" missed="0" covered="1"/></method><method name="lambda$create$0" desc="(Lorg/springframework/http/ProblemDetail;Ljava/lang/String;)V" line="29"><counter type="INSTRUCTION" missed="0" covered="5"/><counter type="LINE" missed="0" covered="1"/><counter type="COMPLEXITY" missed="0" covered="1"/><counter type="METHOD" missed="0" covered="1"/></method><counter type="INSTRUCTION" missed="7" covered="60"/><counter type="BRANCH" missed="5" covered="7"/><counter type="LINE" missed="1" covered="13"/><counter type="COMPLEXITY" missed="4" covered="5"/><counter type="METHOD" missed="0" covered="3"/><counter type="CLASS" missed="0" covered="1"/></class><class name="com/auraops/analyzer/infrastructure/adapters/in/web/AnalysisRequestDto$TelemetryDto" sourcefilename="AnalysisRequestDto.java"><method name="&lt;init&gt;" desc="(Ljava/util/List;Lcom/auraops/analyzer/infrastructure/adapters/in/web/AnalysisRequestDto$MetricsDto;Ljava/util/List;)V" line="24"><counter type="INSTRUCTION" missed="0" covered="12"/><counter type="LINE" missed="0" covered="1"/><counter type="COMPLEXITY" missed="0" covered="1"/><counter type="METHOD" missed="0" covered="1"/></method><counter type="INSTRUCTION" missed="0" covered="12"/><counter type="LINE" missed="0" covered="1"/><counter type="COMPLEXITY" missed="0" covered="1"/><counter type="METHOD" missed="0" covered="1"/><counter type="CLASS" missed="0" covered="1"/></class><class name="com/auraops/analyzer/infrastructure/adapters/in/web/GlobalExceptionHandler" sourcefilename="GlobalExceptionHandler.java"><method name="&lt;init&gt;" desc="()V" line="13"><counter type="INSTRUCTION" missed="0" covered="3"/><counter type="LINE" missed="0" covered="1"/><counter type="COMPLEXITY" missed="0" covered="1"/><counter type="METHOD" missed="0" covered="1"/></method><method name="handleValidationExceptions" desc="(Lorg/springframework/web/bind/MethodArgumentNotValidException;)Lorg/springframework/http/ProblemDetail;" line="17"><counter type="INSTRUCTION" missed="0" covered="19"/><counter type="LINE" missed="0" covered="6"/><counter type="COMPLEXITY" missed="0" covered="1"/><counter type="METHOD" missed="0" covered="1"/></method><method name="handleIllegalArgument" desc="(Ljava/lang/IllegalArgumentException;)Lorg/springframework/http/ProblemDetail;" line="35"><counter type="INSTRUCTION" missed="9" covered="0"/><counter type="LINE" missed="2" covered="0"/><counter type="COMPLEXITY" missed="1" covered="0"/><counter type="METHOD" missed="1" covered="0"/></method><method name="handleUnreadablePayload" desc="(Lorg/springframework/http/converter/HttpMessageNotReadableException;)Lorg/springframework/http/ProblemDetail;" line="47"><counter type="INSTRUCTION" missed="0" covered="8"/><counter type="LINE" missed="0" covered="1"/><counter type="COMPLEXITY" missed="0" covered="1"/><counter type="METHOD" missed="0" covered="1"/></method><method name="handleUnexpected" desc="(Ljava/lang/Exception;)Lorg/springframework/http/ProblemDetail;" line="59"><counter type="INSTRUCTION" missed="11" covered="0"/><counter type="LINE" missed="2" covered="0"/><counter type="COMPLEXITY" missed="1" covered="0"/><counter type="METHOD" missed="1" covered="0"/></method><method name="lambda$handleValidationExceptions$0" desc="(Lorg/springframework/validation/FieldError;)Ljava/lang/String;" line="20"><counter type="INSTRUCTION" missed="0" covered="6"/><counter type="LINE" missed="0" covered="1"/><counter type="COMPLEXITY" missed="0" covered="1"/><counter type="METHOD" missed="0" covered="1"/></method><counter type="INSTRUCTION" missed="20" covered="36"/><counter type="LINE" missed="4" covered="8"/><counter type="COMPLEXITY" missed="2" covered="4"/><counter type="METHOD" missed="2" covered="4"/><counter type="CLASS" missed="0" covered="1"/></class><sourcefile name="AnalysisController.java"><line nr="27" mi="0" ci="2" mb="0" cb="0"/><line nr="28" mi="0" ci="5" mb="0" cb="0"/><line nr="29" mi="0" ci="1" mb="0" cb="0"/><line nr="33" mi="0" ci="4" mb="0" cb="0"/><line nr="34" mi="0" ci="5" mb="0" cb="0"/><line nr="35" mi="0" ci="4" mb="0" cb="0"/><line nr="39" mi="0" ci="4" mb="0" cb="0"/><line nr="40" mi="0" ci="4" mb="0" cb="0"/><line nr="42" mi="0" ci="3" mb="0" cb="0"/><line nr="43" mi="0" ci="3" mb="0" cb="0"/><line nr="44" mi="0" ci="6" mb="0" cb="0"/><line nr="47" mi="0" ci="5" mb="0" cb="0"/><line nr="49" mi="0" ci="4" mb="0" cb="0"/><line nr="50" mi="0" ci="4" mb="0" cb="0"/><line nr="51" mi="0" ci="4" mb="0" cb="0"/><line nr="52" mi="0" ci="9" mb="0" cb="0"/><line nr="54" mi="0" ci="8" mb="0" cb="0"/><line nr="60" mi="0" ci="12" mb="1" cb="2"/><line nr="61" mi="0" ci="8" mb="0" cb="0"/><line nr="63" mi="0" ci="2" mb="0" cb="0"/><line nr="64" mi="0" ci="4" mb="0" cb="0"/><line nr="66" mi="0" ci="3" mb="0" cb="0"/><line nr="67" mi="0" ci="4" mb="0" cb="0"/><line nr="69" mi="0" ci="2" mb="0" cb="0"/><line nr="72" mi="0" ci="9" mb="0" cb="0"/><line nr="73" mi="0" ci="3" mb="0" cb="0"/><line nr="76" mi="0" ci="2" mb="0" cb="0"/><line nr="77" mi="2" ci="12" mb="1" cb="1"/><line nr="80" mi="9" ci="0" mb="0" cb="0"/><line nr="81" mi="2" ci="0" mb="0" cb="0"/><line nr="84" mi="3" ci="0" mb="0" cb="0"/><line nr="85" mi="2" ci="0" mb="0" cb="0"/><line nr="98" mi="0" ci="8" mb="0" cb="0"/><counter type="INSTRUCTION" missed="18" covered="144"/><counter type="BRANCH" missed="2" covered="3"/><counter type="LINE" missed="4" covered="29"/><counter type="COMPLEXITY" missed="2" covered="6"/><counter type="METHOD" missed="0" covered="5"/><counter type="CLASS" missed="0" covered="1"/></sourcefile><sourcefile name="ProblemDetailsFactory.java"><line nr="23" mi="0" ci="4" mb="0" cb="0"/><line nr="24" mi="0" ci="3" mb="0" cb="0"/><line nr="25" mi="0" ci="6" mb="0" cb="0"/><line nr="26" mi="0" ci="4" mb="0" cb="0"/><line nr="27" mi="0" ci="4" mb="0" cb="0"/><line nr="28" mi="0" ci="5" mb="0" cb="0"/><line nr="29" mi="0" ci="10" mb="0" cb="0"/><line nr="30" mi="3" ci="2" mb="3" cb="1"/><line nr="31" mi="4" ci="0" mb="0" cb="0"/><line nr="33" mi="0" ci="2" mb="0" cb="0"/><line nr="37" mi="0" ci="3" mb="0" cb="0"/><line nr="38" mi="0" ci="5" mb="1" cb="3"/><line nr="39" mi="0" ci="3" mb="0" cb="0"/><line nr="41" mi="0" ci="9" mb="1" cb="3"/><counter type="INSTRUCTION" missed="7" covered="60"/><counter type="BRANCH" missed="5" covered="7"/><counter type="LINE" missed="1" covered="13"/><counter type="COMPLEXITY" missed="4" covered="5"/><counter type="METHOD" missed="0" covered="3"/><counter type="CLASS" missed="0" covered="1"/></sourcefile><sourcefile name="GlobalExceptionHandler.java"><line nr="13" mi="0" ci="3" mb="0" cb="0"/><line nr="17" mi="0" ci="2" mb="0" cb="0"/><line nr="18" mi="0" ci="1" mb="0" cb="0"/><line nr="19" mi="0" ci="2" mb="0" cb="0"/><line nr="20" mi="0" ci="8" mb="0" cb="0"/><line nr="21" mi="0" ci="4" mb="0" cb="0"/><line nr="23" mi="0" ci="8" mb="0" cb="0"/><line nr="35" mi="6" ci="0" mb="0" cb="0"/><line nr="39" mi="3" ci="0" mb="0" cb="0"/><line nr="47" mi="0" ci="8" mb="0" cb="0"/><line nr="59" mi="6" ci="0" mb="0" cb="0"/><line nr="63" mi="5" ci="0" mb="0" cb="0"/><counter type="INSTRUCTION" missed="20" covered="36"/><counter type="LINE" missed="4" covered="8"/><counter type="COMPLEXITY" missed="2" covered="4"/><counter type="METHOD" missed="2" covered="4"/><counter type="CLASS" missed="0" covered="1"/></sourcefile><sourcefile name="AnalysisRequestDto.java"><line nr="13" mi="0" ci="12" mb="0" cb="0"/><line nr="18" mi="0" ci="12" mb="0" cb="0"/><line nr="24" mi="0" ci="12" mb="0" cb="0"/><line nr="30" mi="0" ci="15" mb="0" cb="0"/><counter type="INSTRUCTION" missed="0" covered="51"/><counter type="LINE" missed="0" covered="4"/><counter type="COMPLEXITY" missed="0" covered="4"/><counter type="METHOD" missed="0" covered="4"/><counter type="CLASS" missed="0" covered="4"/></sourcefile><sourcefile name="AnalysisResponseDto.java"><line nr="7" mi="0" ci="15" mb="0" cb="0"/><line nr="13" mi="0" ci="9" mb="0" cb="0"/><counter type="INSTRUCTION" missed="0" covered="24"/><counter type="LINE" missed="0" covered="2"/><counter type="COMPLEXITY" missed="0" covered="2"/><counter type="METHOD" missed="0" covered="2"/><counter type="CLASS" missed="0" covered="2"/></sourcefile><counter type="INSTRUCTION" missed="45" covered="315"/><counter type="BRANCH" missed="7" covered="10"/><counter type="LINE" missed="9" covered="56"/><counter type="COMPLEXITY" missed="8" covered="21"/><counter type="METHOD" missed="2" covered="18"/><counter type="CLASS" missed="0" covered="9"/></package><package name="com/auraops/analyzer/application/ports/out"><class name="com/auraops/analyzer/application/ports/out/LLMProvider" sourcefilename="LLMProvider.java"/><class name="com/auraops/analyzer/application/ports/out/TelemetrySource" sourcefilename="TelemetrySource.java"/><sourcefile name="LLMProvider.java"/><sourcefile name="TelemetrySource.java"/></package><package name="com/auraops/analyzer"><class name="com/auraops/analyzer/AuraAnalyzerApplication" sourcefilename="AuraAnalyzerApplication.java"><method name="&lt;init&gt;" desc="()V" line="9"><counter type="INSTRUCTION" missed="0" covered="3"/><counter type="LINE" missed="0" covered="1"/><counter type="COMPLEXITY" missed="0" covered="1"/><counter type="METHOD" missed="0" covered="1"/></method><method name="main" desc="([Ljava/lang/String;)V" line="12"><counter type="INSTRUCTION" missed="5" covered="0"/><counter type="LINE" missed="2" covered="0"/><counter type="COMPLEXITY" missed="1" covered="0"/><counter type="METHOD" missed="1" covered="0"/></method><counter type="INSTRUCTION" missed="5" covered="3"/><counter type="LINE" missed="2" covered="1"/><counter type="COMPLEXITY" missed="1" covered="1"/><counter type="METHOD" missed="1" covered="1"/><counter type="CLASS" missed="0" covered="1"/></class><sourcefile name="AuraAnalyzerApplication.java"><line nr="9" mi="0" ci="3" mb="0" cb="0"/><line nr="12" mi="4" ci="0" mb="0" cb="0"/><line nr="13" mi="1" ci="0" mb="0" cb="0"/><counter type="INSTRUCTION" missed="5" covered="3"/><counter type="LINE" missed="2" covered="1"/><counter type="COMPLEXITY" missed="1" covered="1"/><counter type="METHOD" missed="1" covered="1"/><counter type="CLASS" missed="0" covered="1"/></sourcefile><counter type="INSTRUCTION" missed="5" covered="3"/><counter type="LINE" missed="2" covered="1"/><counter type="COMPLEXITY" missed="1" covered="1"/><counter type="METHOD" missed="1" covered="1"/><counter type="CLASS" missed="0" covered="1"/></package><package name="com/auraops/analyzer/application/usecases"><class name="com/auraops/analyzer/application/usecases/AnalyzeIncidentUseCaseImpl" sourcefilename="AnalyzeIncidentUseCaseImpl.java"><method name="&lt;init&gt;" desc="(Lcom/auraops/analyzer/application/ports/out/LLMProvider;Lcom/auraops/analyzer/application/ports/out/TelemetrySource;Lcom/auraops/analyzer/domain/service/IncidentAnalysisService;)V" line="24"><counter type="INSTRUCTION" missed="0" covered="21"/><counter type="LINE" missed="0" covered="5"/><counter type="COMPLEXITY" missed="0" covered="1"/><counter type="METHOD" missed="0" covered="1"/></method><method name="execute" desc="(Lcom/auraops/analyzer/domain/model/Incident;)Lcom/auraops/analyzer/domain/model/AnalysisResult;" line="35"><counter type="INSTRUCTION" missed="21" covered="0"/><counter type="LINE" missed="5" covered="0"/><counter type="COMPLEXITY" missed="1" covered="0"/><counter type="METHOD" missed="1" covered="0"/></method><method name="lambda$execute$1" desc="(Lcom/auraops/analyzer/domain/model/Incident;)Lcom/auraops/analyzer/domain/model/AnalysisResult;" line="39"><counter type="INSTRUCTION" missed="5" covered="0"/><counter type="LINE" missed="1" covered="0"/><counter type="COMPLEXITY" missed="1" covered="0"/><counter type="METHOD" missed="1" covered="0"/></method><method name="lambda$execute$0" desc="(Lcom/auraops/analyzer/domain/model/AnalysisResult$Inconclusive;)Lcom/auraops/analyzer/domain/model/AnalysisResult;" line="38"><counter type="INSTRUCTION" missed="2" covered="0"/><counter type="LINE" missed="1" covered="0"/><counter type="COMPLEXITY" missed="1" covered="0"/><counter type="METHOD" missed="1" covered="0"/></method><counter type="INSTRUCTION" missed="28" covered="21"/><counter type="LINE" missed="5" covered="5"/><counter type="COMPLEXITY" missed="3" covered="1"/><counter type="METHOD" missed="3" covered="1"/><counter type="CLASS" missed="0" covered="1"/></class><sourcefile name="AnalyzeIncidentUseCaseImpl.java"><line nr="24" mi="0" ci="2" mb="0" cb="0"/><line nr="25" mi="0" ci="6" mb="0" cb="0"/><line nr="26" mi="0" ci="6" mb="0" cb="0"/><line nr="27" mi="0" ci="6" mb="0" cb="0"/><line nr="31" mi="0" ci="1" mb="0" cb="0"/><line nr="35" mi="4" ci="0" mb="0" cb="0"/><line nr="36" mi="5" ci="0" mb="0" cb="0"/><line nr="37" mi="6" ci="0" mb="0" cb="0"/><line nr="38" mi="6" ci="0" mb="0" cb="0"/><line nr="39" mi="7" ci="0" mb="0" cb="0"/><counter type="INSTRUCTION" missed="28" covered="21"/><counter type="LINE" missed="5" covered="5"/><counter type="COMPLEXITY" missed="3" covered="1"/><counter type="METHOD" missed="3" covered="1"/><counter type="CLASS" missed="0" covered="1"/></sourcefile><counter type="INSTRUCTION" missed="28" covered="21"/><counter type="LINE" missed="5" covered="5"/><counter type="COMPLEXITY" missed="3" covered="1"/><counter type="METHOD" missed="3" covered="1"/><counter type="CLASS" missed="0" covered="1"/></package><package name="com/auraops/analyzer/application/ports/in"><class name="com/auraops/analyzer/application/ports/in/AnalyzeIncidentUseCase" sourcefilename="AnalyzeIncidentUseCase.java"/><sourcefile name="AnalyzeIncidentUseCase.java"/></package><package name="com/auraops/analyzer/infrastructure/adapters/out/telemetry"><class name="com/auraops/analyzer/infrastructure/adapters/out/telemetry/PassThroughTelemetrySource" sourcefilename="PassThroughTelemetrySource.java"><method name="&lt;init&gt;" desc="()V" line="8"><counter type="INSTRUCTION" missed="0" covered="3"/><counter type="LINE" missed="0" covered="1"/><counter type="COMPLEXITY" missed="0" covered="1"/><counter type="METHOD" missed="0" covered="1"/></method><method name="enrich" desc="(Lcom/auraops/analyzer/domain/model/Incident;)Lcom/auraops/analyzer/domain/model/Incident;" line="12"><counter type="INSTRUCTION" missed="2" covered="0"/><counter type="LINE" missed="1" covered="0"/><counter type="COMPLEXITY" missed="1" covered="0"/><counter type="METHOD" missed="1" covered="0"/></method><counter type="INSTRUCTION" missed="2" covered="3"/><counter type="LINE" missed="1" covered="1"/><counter type="COMPLEXITY" missed="1" covered="1"/><counter type="METHOD" missed="1" covered="1"/><counter type="CLASS" missed="0" covered="1"/></class><sourcefile name="PassThroughTelemetrySource.java"><line nr="8" mi="0" ci="3" mb="0" cb="0"/><line nr="12" mi="2" ci="0" mb="0" cb="0"/><counter type="INSTRUCTION" missed="2" covered="3"/><counter type="LINE" missed="1" covered="1"/><counter type="COMPLEXITY" missed="1" covered="1"/><counter type="METHOD" missed="1" covered="1"/><counter type="CLASS" missed="0" covered="1"/></sourcefile><counter type="INSTRUCTION" missed="2" covered="3"/><counter type="LINE" missed="1" covered="1"/><counter type="COMPLEXITY" missed="1" covered="1"/><counter type="METHOD" missed="1" covered="1"/><counter type="CLASS" missed="0" covered="1"/></package><counter type="INSTRUCTION" missed="508" covered="1081"/><counter type="BRANCH" missed="80" covered="105"/><counter type="LINE" missed="96" covered="196"/><counter type="COMPLEXITY" missed="77" covered="85"/><counter type="METHOD" missed="20" covered="49"/><counter type="CLASS" missed="3" covered="27"/></report>