<?xml version="1.0" encoding="UTF-8"?>
<testsuite name="com.auraops.operator.e2e.HealerPolicyK3sE2ETest" tests="1" skipped="1" failures="0" errors="0" timestamp="2026-03-24T23:18:01.252Z" hostname="WORKER" time="0.654">
  <properties/>
  <testcase name="reconcile_scalesDeploymentOnRealK3sCluster()" classname="com.auraops.operator.e2e.HealerPolicyK3sE2ETest" time="0.001">
    <skipped/>
  </testcase>
  <system-out><![CDATA[16:18:01.363 [Test worker] INFO org.testcontainers.DockerClientFactory -- Testcontainers version: 1.20.1
16:18:01.881 [Test worker] INFO org.testcontainers.dockerclient.DockerMachineClientProviderStrategy -- docker-machine executable was not found on PATH ([C:\Program Files\Common Files\Oracle\Java\javapath, C:\Python314\Scripts\, C:\Python314\, C:\Windows\system32, C:\Windows, C:\Windows\System32\Wbem, C:\Windows\System32\WindowsPowerShell\v1.0\, C:\Windows\System32\OpenSSH\, C:\Program Files\NVIDIA Corporation\NVIDIA App\NvDLISR, C:\Program Files (x86)\NVIDIA Corporation\PhysX\Common, C:\Git\cmd, C:\Program Files\dotnet\, C:\Program Files (x86)\Microsoft SQL Server\170\Tools\Binn\, C:\Program Files\Microsoft SQL Server\170\Tools\Binn\, C:\Program Files\Microsoft SQL Server\Client SDK\ODBC\180\Tools\Binn\, C:\Program Files\Microsoft SQL Server\170\DTS\Binn\, C:\Program Files\WireGuard\, C:\Program Files\GitHub CLI\, D:\Program Files\, C:\ProgramData\chocolatey\bin, D:\Docker\App\resources\bin, C:\Program Files (x86)\cloudflared\, D:\Lenguajes\Go\bin, D:\Lenguajes\gradle\gradle-9.4.1\bin, C:\Users\h\AppData\Local\Microsoft\WindowsApps, C:\Users\h\AppData\Local\Programs\Microsoft VS Code\bin, C:\Users\h\.dotnet\tools, D:\instalaciones\Antigravity\bin, C:\Users\h\AppData\Local\Python\pythoncore-3.14-64\Scripts, C:\Users\h\AppData\Roaming\npm, C:\Users\h\go\bin, D:\tools\gradle\gradle-8.7\bin])
16:18:01.883 [Test worker] ERROR org.testcontainers.dockerclient.DockerClientProviderStrategy -- Could not find a valid Docker environment. Please check configuration. Attempted configurations were:
As no valid configuration was found, execution cannot continue.
See https://java.testcontainers.org/on_failure.html for more details.
]]></system-out>
  <system-err><![CDATA[]]></system-err>
</testsuite>
