<?xml version="1.0" encoding="UTF-8"?>
<testsuite name="com.auraops.operator.infrastructure.analyzer.AnalyzerRestClientTest" tests="2" skipped="0" failures="0" errors="0" timestamp="2026-03-24T23:18:04.930Z" hostname="WORKER" time="0.801">
  <properties/>
  <testcase name="analyze_mapsProblemDetailAsInconclusive()" classname="com.auraops.operator.infrastructure.analyzer.AnalyzerRestClientTest" time="0.748"/>
  <testcase name="analyze_mapsSuccessResponse()" classname="com.auraops.operator.infrastructure.analyzer.AnalyzerRestClientTest" time="0.053"/>
  <system-out><![CDATA[]]></system-out>
  <system-err><![CDATA[]]></system-err>
</testsuite>
