<?xml version="1.0" encoding="UTF-8"?>
<testsuite name="com.auraops.operator.infrastructure.observability.LokiLogCollectorTest" tests="1" skipped="0" failures="0" errors="0" timestamp="2026-03-24T23:18:05.900Z" hostname="WORKER" time="0.02">
  <properties/>
  <testcase name="collect_readsLogLinesFromLokiQueryRange()" classname="com.auraops.operator.infrastructure.observability.LokiLogCollectorTest" time="0.019"/>
  <system-out><![CDATA[]]></system-out>
  <system-err><![CDATA[]]></system-err>
</testsuite>
